2013/10/12 13:32:49 [error] [exception.CException] exception 'CException' with message 'Property "GiiModule.0" is not defined.' in C:\xampp\htdocs\yii\framework\base\CComponent.php:173
Stack trace:
#0 C:\xampp\htdocs\yii\framework\base\CModule.php(513): CComponent->__set('0', 'user_access')
#1 C:\xampp\htdocs\yii\framework\base\CModule.php(86): CModule->configure(Array)
#2 C:\xampp\htdocs\yii\framework\YiiBase.php(206): CModule->__construct('gii', NULL, Array)
#3 C:\xampp\htdocs\yii\framework\base\CModule.php(282): YiiBase::createComponent('system.gii.GiiM...', 'gii', NULL, Array)
#4 C:\xampp\htdocs\yii\framework\web\CWebApplication.php(337): CModule->getModule('gii')
#5 C:\xampp\htdocs\yii\framework\web\CWebApplication.php(276): CWebApplication->createController('gii/model')
#6 C:\xampp\htdocs\yii\framework\web\CWebApplication.php(141): CWebApplication->runController('gii/model')
#7 C:\xampp\htdocs\yii\framework\base\CApplication.php(169): CWebApplication->processRequest()
#8 C:\xampp\htdocs\yiitest\index.php(13): CApplication->run()
#9 {main}
REQUEST_URI=/yiitest/index.php?r=gii/model
HTTP_REFERER=http://localhost:82/yiitest/index.php?r=gii/module
---
2013/10/12 13:33:23 [error] [exception.CException] exception 'CException' with message 'Property "GiiModule.0" is not defined.' in C:\xampp\htdocs\yii\framework\base\CComponent.php:173
Stack trace:
#0 C:\xampp\htdocs\yii\framework\base\CModule.php(513): CComponent->__set('0', 'user_access')
#1 C:\xampp\htdocs\yii\framework\base\CModule.php(86): CModule->configure(Array)
#2 C:\xampp\htdocs\yii\framework\YiiBase.php(206): CModule->__construct('gii', NULL, Array)
#3 C:\xampp\htdocs\yii\framework\base\CModule.php(282): YiiBase::createComponent('system.gii.GiiM...', 'gii', NULL, Array)
#4 C:\xampp\htdocs\yii\framework\web\CWebApplication.php(337): CModule->getModule('gii')
#5 C:\xampp\htdocs\yii\framework\web\CWebApplication.php(276): CWebApplication->createController('gii/module')
#6 C:\xampp\htdocs\yii\framework\web\CWebApplication.php(141): CWebApplication->runController('gii/module')
#7 C:\xampp\htdocs\yii\framework\base\CApplication.php(169): CWebApplication->processRequest()
#8 C:\xampp\htdocs\yiitest\index.php(13): CApplication->run()
#9 {main}
REQUEST_URI=/yiitest/index.php?r=gii/module
HTTP_REFERER=http://localhost:82/yiitest/index.php?r=gii/module
---
2013/10/12 13:45:54 [error] [exception.CException] exception 'CException' with message 'Alias "user_access.models.User" is invalid. Make sure it points to an existing PHP file and the file is readable.' in C:\xampp\htdocs\yii\framework\YiiBase.php:316
Stack trace:
#0 C:\xampp\htdocs\yii\framework\gii\generators\crud\CrudCode.php(59): YiiBase::import('user_access.mod...', true)
#1 C:\xampp\htdocs\yii\framework\validators\CInlineValidator.php(42): CrudCode->validateModel('model', Array)
#2 C:\xampp\htdocs\yii\framework\validators\CValidator.php(213): CInlineValidator->validateAttribute(Object(CrudCode), 'model')
#3 C:\xampp\htdocs\yii\framework\base\CModel.php(159): CValidator->validate(Object(CrudCode), NULL)
#4 C:\xampp\htdocs\yii\framework\gii\CCodeGenerator.php(159): CModel->validate()
#5 C:\xampp\htdocs\yii\framework\gii\CCodeGenerator.php(63): CCodeGenerator->prepare()
#6 C:\xampp\htdocs\yii\framework\web\actions\CInlineAction.php(49): CCodeGenerator->actionIndex()
#7 C:\xampp\htdocs\yii\framework\web\CController.php(308): CInlineAction->runWithParams(Array)
#8 C:\xampp\htdocs\yii\framework\web\CController.php(286): CController->runAction(Object(CInlineAction))
#9 C:\xampp\htdocs\yii\framework\web\CController.php(265): CController->runActionWithFilters(Object(CInlineAction), Array)
#10 C:\xampp\htdocs\yii\framework\web\CWebApplication.php(282): CController->run('')
#11 C:\xampp\htdocs\yii\framework\web\CWebApplication.php(141): CWebApplication->runController('gii/crud')
#12 C:\xampp\htdocs\yii\framework\base\CApplication.php(169): CWebApplication->processRequest()
#13 C:\xampp\htdocs\yiitest\index.php(13): CApplication->run()
#14 {main}
REQUEST_URI=/yiitest/index.php?r=gii/crud
HTTP_REFERER=http://localhost:82/yiitest/index.php?r=gii/crud
---
2013/10/12 13:47:05 [error] [exception.CException] exception 'CException' with message 'Alias "user_access.models.User" is invalid. Make sure it points to an existing PHP file and the file is readable.' in C:\xampp\htdocs\yii\framework\YiiBase.php:316
Stack trace:
#0 C:\xampp\htdocs\yii\framework\gii\generators\crud\CrudCode.php(59): YiiBase::import('user_access.mod...', true)
#1 C:\xampp\htdocs\yii\framework\validators\CInlineValidator.php(42): CrudCode->validateModel('model', Array)
#2 C:\xampp\htdocs\yii\framework\validators\CValidator.php(213): CInlineValidator->validateAttribute(Object(CrudCode), 'model')
#3 C:\xampp\htdocs\yii\framework\base\CModel.php(159): CValidator->validate(Object(CrudCode), NULL)
#4 C:\xampp\htdocs\yii\framework\gii\CCodeGenerator.php(159): CModel->validate()
#5 C:\xampp\htdocs\yii\framework\gii\CCodeGenerator.php(63): CCodeGenerator->prepare()
#6 C:\xampp\htdocs\yii\framework\web\actions\CInlineAction.php(49): CCodeGenerator->actionIndex()
#7 C:\xampp\htdocs\yii\framework\web\CController.php(308): CInlineAction->runWithParams(Array)
#8 C:\xampp\htdocs\yii\framework\web\CController.php(286): CController->runAction(Object(CInlineAction))
#9 C:\xampp\htdocs\yii\framework\web\CController.php(265): CController->runActionWithFilters(Object(CInlineAction), Array)
#10 C:\xampp\htdocs\yii\framework\web\CWebApplication.php(282): CController->run('')
#11 C:\xampp\htdocs\yii\framework\web\CWebApplication.php(141): CWebApplication->runController('gii/crud')
#12 C:\xampp\htdocs\yii\framework\base\CApplication.php(169): CWebApplication->processRequest()
#13 C:\xampp\htdocs\yiitest\index.php(13): CApplication->run()
#14 {main}
REQUEST_URI=/yiitest/index.php?r=gii/crud
HTTP_REFERER=http://localhost:82/yiitest/index.php?r=gii/crud
---
2013/10/12 13:53:15 [error] [exception.CException] exception 'CException' with message 'Alias "user_access.models.mahasiswa" is invalid. Make sure it points to an existing PHP file and the file is readable.' in C:\xampp\htdocs\yii\framework\YiiBase.php:316
Stack trace:
#0 C:\xampp\htdocs\yii\framework\gii\generators\crud\CrudCode.php(59): YiiBase::import('user_access.mod...', true)
#1 C:\xampp\htdocs\yii\framework\validators\CInlineValidator.php(42): CrudCode->validateModel('model', Array)
#2 C:\xampp\htdocs\yii\framework\validators\CValidator.php(213): CInlineValidator->validateAttribute(Object(CrudCode), 'model')
#3 C:\xampp\htdocs\yii\framework\base\CModel.php(159): CValidator->validate(Object(CrudCode), NULL)
#4 C:\xampp\htdocs\yii\framework\gii\CCodeGenerator.php(159): CModel->validate()
#5 C:\xampp\htdocs\yii\framework\gii\CCodeGenerator.php(63): CCodeGenerator->prepare()
#6 C:\xampp\htdocs\yii\framework\web\actions\CInlineAction.php(49): CCodeGenerator->actionIndex()
#7 C:\xampp\htdocs\yii\framework\web\CController.php(308): CInlineAction->runWithParams(Array)
#8 C:\xampp\htdocs\yii\framework\web\CController.php(286): CController->runAction(Object(CInlineAction))
#9 C:\xampp\htdocs\yii\framework\web\CController.php(265): CController->runActionWithFilters(Object(CInlineAction), Array)
#10 C:\xampp\htdocs\yii\framework\web\CWebApplication.php(282): CController->run('')
#11 C:\xampp\htdocs\yii\framework\web\CWebApplication.php(141): CWebApplication->runController('gii/crud')
#12 C:\xampp\htdocs\yii\framework\base\CApplication.php(169): CWebApplication->processRequest()
#13 C:\xampp\htdocs\yiitest\index.php(13): CApplication->run()
#14 {main}
REQUEST_URI=/yiitest/index.php?r=gii/crud
HTTP_REFERER=http://localhost:82/yiitest/index.php?r=gii/crud
---
2013/10/12 13:55:43 [error] [exception.CDbException] exception 'CDbException' with message 'CDbConnection failed to open the DB connection: SQLSTATE[HY000] [1045] Access denied for user 'root'@'localhost' (using password: YES)' in C:\xampp\htdocs\yii\framework\db\CDbConnection.php:381
Stack trace:
#0 C:\xampp\htdocs\yii\framework\db\CDbConnection.php(330): CDbConnection->open()
#1 C:\xampp\htdocs\yii\framework\db\CDbConnection.php(308): CDbConnection->setActive(true)
#2 C:\xampp\htdocs\yii\framework\base\CModule.php(387): CDbConnection->init()
#3 C:\xampp\htdocs\yii\framework\base\CApplication.php(438): CModule->getComponent('db')
#4 C:\xampp\htdocs\yii\framework\db\ar\CActiveRecord.php(623): CApplication->getDb()
#5 C:\xampp\htdocs\yii\framework\db\ar\CActiveRecord.php(2309): CActiveRecord->getDbConnection()
#6 C:\xampp\htdocs\yii\framework\db\ar\CActiveRecord.php(387): CActiveRecordMetaData->__construct(Object(Mahasiswa))
#7 C:\xampp\htdocs\yii\framework\web\CActiveDataProvider.php(74): CActiveRecord::model('Mahasiswa')
#8 C:\xampp\htdocs\yiitest\protected\controllers\MahasiswaController.php(125): CActiveDataProvider->__construct('Mahasiswa')
#9 C:\xampp\htdocs\yii\framework\web\actions\CInlineAction.php(49): MahasiswaController->actionIndex()
#10 C:\xampp\htdocs\yii\framework\web\CController.php(308): CInlineAction->runWithParams(Array)
#11 C:\xampp\htdocs\yii\framework\web\filters\CFilterChain.php(133): CController->runAction(Object(CInlineAction))
#12 C:\xampp\htdocs\yii\framework\web\filters\CFilter.php(40): CFilterChain->run()
#13 C:\xampp\htdocs\yii\framework\web\CController.php(1145): CFilter->filter(Object(CFilterChain))
#14 C:\xampp\htdocs\yii\framework\web\filters\CInlineFilter.php(58): CController->filterAccessControl(Object(CFilterChain))
#15 C:\xampp\htdocs\yii\framework\web\filters\CFilterChain.php(130): CInlineFilter->filter(Object(CFilterChain))
#16 C:\xampp\htdocs\yii\framework\web\CController.php(291): CFilterChain->run()
#17 C:\xampp\htdocs\yii\framework\web\CController.php(265): CController->runActionWithFilters(Object(CInlineAction), Array)
#18 C:\xampp\htdocs\yii\framework\web\CWebApplication.php(282): CController->run('')
#19 C:\xampp\htdocs\yii\framework\web\CWebApplication.php(141): CWebApplication->runController('Mahasiswa')
#20 C:\xampp\htdocs\yii\framework\base\CApplication.php(169): CWebApplication->processRequest()
#21 C:\xampp\htdocs\yiitest\index.php(13): CApplication->run()
#22 {main}
REQUEST_URI=/yiitest/index.php?r=Mahasiswa
---
2013/10/27 14:21:46 [error] [exception.CException] exception 'CException' with message 'Alias "application.components.ArtMenu" is invalid. Make sure it points to an existing PHP file and the file is readable.' in C:\xampp\htdocs\yii\framework\YiiBase.php:316
Stack trace:
#0 C:\xampp\htdocs\yii\framework\web\CWidgetFactory.php(146): YiiBase::import('application.com...', true)
#1 C:\xampp\htdocs\yii\framework\web\CBaseController.php(146): CWidgetFactory->createWidget(Object(SiteController), 'application.com...', Array)
#2 C:\xampp\htdocs\yii\framework\web\CBaseController.php(172): CBaseController->createWidget('application.com...', Array)
#3 C:\xampp\htdocs\yiitest\themes\treemountain\views\layouts\main.php(60): CBaseController->widget('application.com...', Array)
#4 C:\xampp\htdocs\yii\framework\web\CBaseController.php(126): require('C:\xampp\htdocs...')
#5 C:\xampp\htdocs\yii\framework\web\CBaseController.php(95): CBaseController->renderInternal('C:\xampp\htdocs...', Array, true)
#6 C:\xampp\htdocs\yii\framework\web\widgets\CContentDecorator.php(76): CBaseController->renderFile('C:\xampp\htdocs...', Array, true)
#7 C:\xampp\htdocs\yii\framework\web\widgets\CContentDecorator.php(54): CContentDecorator->decorate('<div class="art...')
#8 C:\xampp\htdocs\yii\framework\web\widgets\COutputProcessor.php(44): CContentDecorator->processOutput('<div class="art...')
#9 C:\xampp\htdocs\yii\framework\web\CBaseController.php(206): COutputProcessor->run()
#10 C:\xampp\htdocs\yii\framework\web\CBaseController.php(300): CBaseController->endWidget('CContentDecorat...')
#11 C:\xampp\htdocs\yiitest\themes\treemountain\views\layouts\column1.php(23): CBaseController->endContent()
#12 C:\xampp\htdocs\yii\framework\web\CBaseController.php(126): require('C:\xampp\htdocs...')
#13 C:\xampp\htdocs\yii\framework\web\CBaseController.php(95): CBaseController->renderInternal('C:\xampp\htdocs...', Array, true)
#14 C:\xampp\htdocs\yii\framework\web\CController.php(784): CBaseController->renderFile('C:\xampp\htdocs...', Array, true)
#15 C:\xampp\htdocs\yiitest\protected\controllers\SiteController.php(32): CController->render('index')
#16 C:\xampp\htdocs\yii\framework\web\actions\CInlineAction.php(49): SiteController->actionIndex()
#17 C:\xampp\htdocs\yii\framework\web\CController.php(308): CInlineAction->runWithParams(Array)
#18 C:\xampp\htdocs\yii\framework\web\CController.php(286): CController->runAction(Object(CInlineAction))
#19 C:\xampp\htdocs\yii\framework\web\CController.php(265): CController->runActionWithFilters(Object(CInlineAction), Array)
#20 C:\xampp\htdocs\yii\framework\web\CWebApplication.php(282): CController->run('')
#21 C:\xampp\htdocs\yii\framework\web\CWebApplication.php(141): CWebApplication->runController('')
#22 C:\xampp\htdocs\yii\framework\base\CApplication.php(169): CWebApplication->processRequest()
#23 C:\xampp\htdocs\yiitest\index.php(13): CApplication->run()
#24 {main}
REQUEST_URI=/yiitest/index.php
HTTP_REFERER=http://localhost:82/yiitest/index.php
---
2013/10/27 14:22:15 [error] [exception.CException] exception 'CException' with message 'Alias "application.components.ArtMenu" is invalid. Make sure it points to an existing PHP file and the file is readable.' in C:\xampp\htdocs\yii\framework\YiiBase.php:316
Stack trace:
#0 C:\xampp\htdocs\yii\framework\web\CWidgetFactory.php(146): YiiBase::import('application.com...', true)
#1 C:\xampp\htdocs\yii\framework\web\CBaseController.php(146): CWidgetFactory->createWidget(Object(SiteController), 'application.com...', Array)
#2 C:\xampp\htdocs\yii\framework\web\CBaseController.php(172): CBaseController->createWidget('application.com...', Array)
#3 C:\xampp\htdocs\yiitest\themes\treemountain\views\layouts\main.php(60): CBaseController->widget('application.com...', Array)
#4 C:\xampp\htdocs\yii\framework\web\CBaseController.php(126): require('C:\xampp\htdocs...')
#5 C:\xampp\htdocs\yii\framework\web\CBaseController.php(95): CBaseController->renderInternal('C:\xampp\htdocs...', Array, true)
#6 C:\xampp\htdocs\yii\framework\web\widgets\CContentDecorator.php(76): CBaseController->renderFile('C:\xampp\htdocs...', Array, true)
#7 C:\xampp\htdocs\yii\framework\web\widgets\CContentDecorator.php(54): CContentDecorator->decorate('<div class="art...')
#8 C:\xampp\htdocs\yii\framework\web\widgets\COutputProcessor.php(44): CContentDecorator->processOutput('<div class="art...')
#9 C:\xampp\htdocs\yii\framework\web\CBaseController.php(206): COutputProcessor->run()
#10 C:\xampp\htdocs\yii\framework\web\CBaseController.php(300): CBaseController->endWidget('CContentDecorat...')
#11 C:\xampp\htdocs\yiitest\themes\treemountain\views\layouts\column1.php(23): CBaseController->endContent()
#12 C:\xampp\htdocs\yii\framework\web\CBaseController.php(126): require('C:\xampp\htdocs...')
#13 C:\xampp\htdocs\yii\framework\web\CBaseController.php(95): CBaseController->renderInternal('C:\xampp\htdocs...', Array, true)
#14 C:\xampp\htdocs\yii\framework\web\CController.php(784): CBaseController->renderFile('C:\xampp\htdocs...', Array, true)
#15 C:\xampp\htdocs\yiitest\protected\controllers\SiteController.php(32): CController->render('index')
#16 C:\xampp\htdocs\yii\framework\web\actions\CInlineAction.php(49): SiteController->actionIndex()
#17 C:\xampp\htdocs\yii\framework\web\CController.php(308): CInlineAction->runWithParams(Array)
#18 C:\xampp\htdocs\yii\framework\web\CController.php(286): CController->runAction(Object(CInlineAction))
#19 C:\xampp\htdocs\yii\framework\web\CController.php(265): CController->runActionWithFilters(Object(CInlineAction), Array)
#20 C:\xampp\htdocs\yii\framework\web\CWebApplication.php(282): CController->run('')
#21 C:\xampp\htdocs\yii\framework\web\CWebApplication.php(141): CWebApplication->runController('')
#22 C:\xampp\htdocs\yii\framework\base\CApplication.php(169): CWebApplication->processRequest()
#23 C:\xampp\htdocs\yiitest\index.php(13): CApplication->run()
#24 {main}
REQUEST_URI=/yiitest/index.php
HTTP_REFERER=http://localhost:82/yiitest/index.php
---
